/var/spool/slurmd/job19367/slurm_script: line 14: module: command not found
2025-04-16 16:16:03,673 [INFO] Creating new Optuna study
[I 2025-04-16 16:16:03,732] A new study created in memory with name: llm_finetuning_optimization
2025-04-16 16:16:03,806 [INFO] Starting trial 0 at 20250416_161603
2025-04-16 16:16:03,806 [INFO] Logs will be saved to hp_optuna_trial_0_20250416_161603.log
2025-04-16 16:19:54,371 [INFO] Detected WandB run ID early: zpllvewl
2025-04-16 16:34:00,955 [ERROR] Trial 0 failed with CUDA out of memory (exit code 0)
2025-04-16 16:34:00,960 [WARNING] Trial 0 failed with error: CUDA out of memory
[I 2025-04-16 16:34:00,964] Trial 0 finished with value: 999.0 and parameters: {'learning_rate': '1e-4', 'per_device_train_batch_size': 8, 'lora_rank': 512, 'lora_alpha': 512}. Best is trial 0 with value: 999.0.
2025-04-16 16:34:00,981 [INFO] Starting trial 1 at 20250416_163400
2025-04-16 16:34:00,981 [INFO] Logs will be saved to hp_optuna_trial_1_20250416_163400.log
2025-04-16 16:37:15,087 [INFO] Detected WandB run ID early: ix4299il
2025-04-16 16:51:08,770 [ERROR] Trial 1 failed with CUDA out of memory (exit code 0)
2025-04-16 16:51:08,775 [WARNING] Trial 1 failed with error: CUDA out of memory
[I 2025-04-16 16:51:08,777] Trial 1 finished with value: 999.0 and parameters: {'learning_rate': '1e-4', 'per_device_train_batch_size': 8, 'lora_rank': 512, 'lora_alpha': 128}. Best is trial 0 with value: 999.0.
2025-04-16 16:51:08,791 [INFO] Starting trial 2 at 20250416_165108
2025-04-16 16:51:08,792 [INFO] Logs will be saved to hp_optuna_trial_2_20250416_165108.log
2025-04-16 16:54:21,036 [INFO] Detected WandB run ID early: 9592zhch
2025-04-16 16:55:57,146 [ERROR] Trial 2 failed with CUDA out of memory (exit code 0)
2025-04-16 16:55:57,151 [WARNING] Trial 2 failed with error: CUDA out of memory
[I 2025-04-16 16:55:57,154] Trial 2 finished with value: 999.0 and parameters: {'learning_rate': '2e-4', 'per_device_train_batch_size': 32, 'lora_rank': 512, 'lora_alpha': 128}. Best is trial 0 with value: 999.0.
2025-04-16 16:55:57,169 [INFO] Starting trial 3 at 20250416_165557
2025-04-16 16:55:57,170 [INFO] Logs will be saved to hp_optuna_trial_3_20250416_165557.log
2025-04-16 16:58:52,912 [INFO] Detected WandB run ID early: f9ewurku
2025-04-16 17:20:56,531 [ERROR] Trial 3 failed with CUDA out of memory (exit code 0)
2025-04-16 17:20:56,535 [WARNING] Trial 3 failed with error: CUDA out of memory
[I 2025-04-16 17:20:56,539] Trial 3 finished with value: 999.0 and parameters: {'learning_rate': '2e-4', 'per_device_train_batch_size': 16, 'lora_rank': 128, 'lora_alpha': 128}. Best is trial 0 with value: 999.0.
2025-04-16 17:20:56,553 [INFO] Starting trial 4 at 20250416_172056
2025-04-16 17:20:56,553 [INFO] Logs will be saved to hp_optuna_trial_4_20250416_172056.log
2025-04-16 17:24:08,226 [INFO] Detected WandB run ID early: fj9i3tfy
2025-04-16 17:38:07,293 [ERROR] Trial 4 failed with CUDA out of memory (exit code 0)
2025-04-16 17:38:07,297 [WARNING] Trial 4 failed with error: CUDA out of memory
[I 2025-04-16 17:38:07,301] Trial 4 finished with value: 999.0 and parameters: {'learning_rate': '1e-4', 'per_device_train_batch_size': 8, 'lora_rank': 512, 'lora_alpha': 128}. Best is trial 0 with value: 999.0.
2025-04-16 17:38:07,316 [INFO] Starting trial 5 at 20250416_173807
2025-04-16 17:38:07,316 [INFO] Logs will be saved to hp_optuna_trial_5_20250416_173807.log
2025-04-16 17:41:21,181 [INFO] Detected WandB run ID early: vlo7wce4
2025-04-16 17:42:56,859 [ERROR] Trial 5 failed with CUDA out of memory (exit code 0)
2025-04-16 17:42:56,866 [WARNING] Trial 5 failed with error: CUDA out of memory
[I 2025-04-16 17:42:56,872] Trial 5 finished with value: 999.0 and parameters: {'learning_rate': '2e-4', 'per_device_train_batch_size': 32, 'lora_rank': 512, 'lora_alpha': 512}. Best is trial 0 with value: 999.0.
2025-04-16 17:42:56,903 [INFO] Starting trial 6 at 20250416_174256
2025-04-16 17:42:56,903 [INFO] Logs will be saved to hp_optuna_trial_6_20250416_174256.log
2025-04-16 17:46:10,824 [INFO] Detected WandB run ID early: q6xazl4u
2025-04-16 17:47:51,161 [ERROR] Trial 6 failed with CUDA out of memory (exit code 0)
2025-04-16 17:47:51,167 [WARNING] Trial 6 failed with error: CUDA out of memory
[I 2025-04-16 17:47:51,171] Trial 6 finished with value: 999.0 and parameters: {'learning_rate': '2e-5', 'per_device_train_batch_size': 32, 'lora_rank': 512, 'lora_alpha': 512}. Best is trial 0 with value: 999.0.
2025-04-16 17:47:51,186 [INFO] Starting trial 7 at 20250416_174751
2025-04-16 17:47:51,187 [INFO] Logs will be saved to hp_optuna_trial_7_20250416_174751.log
2025-04-16 17:50:48,160 [INFO] Detected WandB run ID early: 48bylkl5
2025-04-17 08:02:21,999 [INFO] Successfully retrieved metrics for run 48bylkl5
2025-04-17 08:02:22,003 [INFO] Using WandB metrics: 0.11218863147313088
[I 2025-04-17 08:02:22,047] Trial 7 finished with value: 0.11218863147313088 and parameters: {'learning_rate': '2e-4', 'per_device_train_batch_size': 8, 'lora_rank': 128, 'lora_alpha': 128}. Best is trial 7 with value: 0.11218863147313088.
2025-04-17 08:02:22,179 [INFO] Starting trial 8 at 20250417_080222
2025-04-17 08:02:22,180 [INFO] Logs will be saved to hp_optuna_trial_8_20250417_080222.log
2025-04-17 08:07:57,686 [INFO] Detected WandB run ID early: xlw0kq51
2025-04-17 08:09:16,061 [INFO] Waiting for metrics to sync for run xlw0kq51... (0s)
2025-04-17 08:09:26,065 [INFO] Waiting for metrics to sync for run xlw0kq51... (10s)
2025-04-17 08:09:36,066 [INFO] Waiting for metrics to sync for run xlw0kq51... (20s)
2025-04-17 08:09:46,067 [INFO] Waiting for metrics to sync for run xlw0kq51... (30s)
2025-04-17 08:09:56,067 [INFO] Waiting for metrics to sync for run xlw0kq51... (40s)
2025-04-17 08:10:06,068 [INFO] Waiting for metrics to sync for run xlw0kq51... (50s)
2025-04-17 08:10:16,069 [INFO] Waiting for metrics to sync for run xlw0kq51... (60s)
2025-04-17 08:10:26,070 [INFO] Waiting for metrics to sync for run xlw0kq51... (70s)
2025-04-17 08:10:36,072 [INFO] Waiting for metrics to sync for run xlw0kq51... (80s)
2025-04-17 08:10:46,072 [INFO] Waiting for metrics to sync for run xlw0kq51... (90s)
2025-04-17 08:10:56,073 [INFO] Waiting for metrics to sync for run xlw0kq51... (100s)
2025-04-17 08:11:06,073 [INFO] Waiting for metrics to sync for run xlw0kq51... (110s)
2025-04-17 08:11:16,074 [WARNING] Timed out waiting for metrics for run xlw0kq51
2025-04-17 08:11:16,074 [WARNING] No metrics found in trial 8 output
[I 2025-04-17 08:11:16,080] Trial 8 finished with value: 999.0 and parameters: {'learning_rate': '2e-4', 'per_device_train_batch_size': 32, 'lora_rank': 128, 'lora_alpha': 128}. Best is trial 7 with value: 0.11218863147313088.
2025-04-17 08:11:16,096 [INFO] Starting trial 9 at 20250417_081116
2025-04-17 08:11:16,096 [INFO] Logs will be saved to hp_optuna_trial_9_20250417_081116.log
2025-04-17 08:14:12,511 [INFO] Detected WandB run ID early: by5ke1xh
2025-04-17 08:36:15,630 [ERROR] Trial 9 failed with CUDA out of memory (exit code 0)
2025-04-17 08:36:15,636 [WARNING] Trial 9 failed with error: CUDA out of memory
[I 2025-04-17 08:36:15,640] Trial 9 finished with value: 999.0 and parameters: {'learning_rate': '2e-5', 'per_device_train_batch_size': 16, 'lora_rank': 128, 'lora_alpha': 512}. Best is trial 7 with value: 0.11218863147313088.
2025-04-17 08:36:15,667 [INFO] Starting trial 10 at 20250417_083615
2025-04-17 08:36:15,667 [INFO] Logs will be saved to hp_optuna_trial_10_20250417_083615.log
2025-04-17 08:39:17,928 [INFO] Detected WandB run ID early: ko0lskzm
2025-04-17 23:09:27,317 [INFO] Successfully retrieved metrics for run ko0lskzm
2025-04-17 23:09:27,322 [INFO] Using WandB metrics: 0.1183096450198572
[I 2025-04-17 23:09:27,451] Trial 10 finished with value: 0.1183096450198572 and parameters: {'learning_rate': '2e-4', 'per_device_train_batch_size': 8, 'lora_rank': 128, 'lora_alpha': 128}. Best is trial 7 with value: 0.11218863147313088.
2025-04-17 23:09:27,563 [INFO] Starting trial 11 at 20250417_230927
2025-04-17 23:09:27,563 [INFO] Logs will be saved to hp_optuna_trial_11_20250417_230927.log
2025-04-17 23:12:54,201 [INFO] Detected WandB run ID early: b1cnx0oe
2025-04-18 16:00:16,779 [INFO] Successfully retrieved metrics for run b1cnx0oe
2025-04-18 16:00:16,783 [INFO] Using WandB metrics: 0.11558062559646126
[I 2025-04-18 16:00:16,821] Trial 11 finished with value: 0.11558062559646126 and parameters: {'learning_rate': '2e-4', 'per_device_train_batch_size': 8, 'lora_rank': 128, 'lora_alpha': 128}. Best is trial 7 with value: 0.11218863147313088.
2025-04-18 16:00:16,910 [INFO] Starting trial 12 at 20250418_160016
2025-04-18 16:00:16,911 [INFO] Logs will be saved to hp_optuna_trial_12_20250418_160016.log
2025-04-18 16:03:46,547 [INFO] Detected WandB run ID early: 69vf9u4a
2025-04-19 09:38:48,394 [INFO] Successfully retrieved metrics for run 69vf9u4a
2025-04-19 09:38:48,398 [INFO] Using WandB metrics: 0.1166372242706335
[I 2025-04-19 09:38:48,436] Trial 12 finished with value: 0.1166372242706335 and parameters: {'learning_rate': '2e-4', 'per_device_train_batch_size': 8, 'lora_rank': 128, 'lora_alpha': 128}. Best is trial 7 with value: 0.11218863147313088.
2025-04-19 09:38:48,537 [INFO] Starting trial 13 at 20250419_093848
2025-04-19 09:38:48,537 [INFO] Logs will be saved to hp_optuna_trial_13_20250419_093848.log
2025-04-19 09:42:31,496 [INFO] Detected WandB run ID early: bxk8kjim
2025-04-20 03:12:01,597 [INFO] Successfully retrieved metrics for run bxk8kjim
2025-04-20 03:12:01,602 [INFO] Using WandB metrics: 0.1133167722751599
[I 2025-04-20 03:12:01,656] Trial 13 finished with value: 0.1133167722751599 and parameters: {'learning_rate': '2e-4', 'per_device_train_batch_size': 8, 'lora_rank': 128, 'lora_alpha': 128}. Best is trial 7 with value: 0.11218863147313088.
2025-04-20 03:12:01,937 [INFO] Starting trial 14 at 20250420_031201
2025-04-20 03:12:01,938 [INFO] Logs will be saved to hp_optuna_trial_14_20250420_031201.log
2025-04-20 03:15:35,276 [INFO] Detected WandB run ID early: ow89rnm9
slurmstepd: error: *** JOB 19367 ON dws-09 CANCELLED AT 2025-04-20T11:43:22 ***
